app/build/outputs/logs/manifest-merger-debug-report.txt
-- Merging decision tree log ---
manifest
ADDED from src\main\AndroidManifest.xml:2:1-86:12
	package
		ADDED from src\main\AndroidManifest.xml:3:5-35
		INJECTED from src\main\AndroidManifest.xml
		INJECTED from src\main\AndroidManifest.xml
	android:versionName
		ADDED from src\main\AndroidManifest.xml:5:5-30
	android:versionCode
		ADDED from src\main\AndroidManifest.xml:4:5-28
		INJECTED from src\main\AndroidManifest.xml
		INJECTED from src\main\AndroidManifest.xml
	xmlns:android
		ADDED from src\main\AndroidManifest.xml:2:11-69
uses-sdk
ADDED from src\main\AndroidManifest.xml:7:5-44
MERGED from [com.android.support:appcompat-v7:18.0.0] AndroidManifest.xml:18:5-42
	android:minSdkVersion
		ADDED from src\main\AndroidManifest.xml:7:15-41
		INJECTED from src\main\AndroidManifest.xml
		INJECTED from src\main\AndroidManifest.xml
uses-permission#android.permission.INTERNET
ADDED from src\main\AndroidManifest.xml:9:5-67
	android:name
		ADDED from src\main\AndroidManifest.xml:9:22-64
uses-permission#android.permission.VIBRATE
ADDED from src\main\AndroidManifest.xml:10:5-66
	android:name
		ADDED from src\main\AndroidManifest.xml:10:22-63
uses-permission#android.permission.ACCESS_NETWORK_STATE
ADDED from src\main\AndroidManifest.xml:11:5-79
	android:name
		ADDED from src\main\AndroidManifest.xml:11:22-76
uses-permission#com.android.launcher.permission.READ_SETTINGS
ADDED from src\main\AndroidManifest.xml:13:5-85
	android:name
		ADDED from src\main\AndroidManifest.xml:13:22-82
uses-permission#android.permission.WAKE_LOCK
ADDED from src\main\AndroidManifest.xml:14:5-68
	android:name
		ADDED from src\main\AndroidManifest.xml:14:22-65
uses-permission#android.permission.CHANGE_WIFI_STATE
ADDED from src\main\AndroidManifest.xml:15:5-76
	android:name
		ADDED from src\main\AndroidManifest.xml:15:22-73
uses-permission#android.permission.ACCESS_WIFI_STATE
ADDED from src\main\AndroidManifest.xml:16:5-76
	android:name
		ADDED from src\main\AndroidManifest.xml:16:22-73
uses-permission#android.permission.GET_TASKS
ADDED from src\main\AndroidManifest.xml:17:5-68
	android:name
		ADDED from src\main\AndroidManifest.xml:17:22-65
uses-permission#android.permission.WRITE_EXTERNAL_STORAGE
ADDED from src\main\AndroidManifest.xml:18:5-81
	android:name
		ADDED from src\main\AndroidManifest.xml:18:22-78
uses-permission#android.permission.WRITE_SETTINGS
ADDED from src\main\AndroidManifest.xml:19:5-73
	android:name
		ADDED from src\main\AndroidManifest.xml:19:22-70
application
ADDED from src\main\AndroidManifest.xml:21:5-84:19
MERGED from [com.android.support:appcompat-v7:18.0.0] AndroidManifest.xml:19:5-20
	android:label
		ADDED from src\main\AndroidManifest.xml:25:9-41
	android:allowBackup
		ADDED from src\main\AndroidManifest.xml:23:9-35
	android:icon
		ADDED from src\main\AndroidManifest.xml:24:9-45
	android:persistent
		ADDED from src\main\AndroidManifest.xml:26:9-34
	android:theme
		ADDED from src\main\AndroidManifest.xml:27:9-40
	android:name
		ADDED from src\main\AndroidManifest.xml:22:9-61
meta-data#com.baidu.lbsapi.API_KEY
ADDED from src\main\AndroidManifest.xml:28:9-30:56
	android:value
		ADDED from src\main\AndroidManifest.xml:30:13-53
	android:name
		ADDED from src\main\AndroidManifest.xml:29:13-52
activity#com.majun.earthquake.Earthquake
ADDED from src\main\AndroidManifest.xml:32:9-36:20
	android:uiOptions
		ADDED from src\main\AndroidManifest.xml:34:13-57
	android:name
		ADDED from src\main\AndroidManifest.xml:33:13-59
activity#com.majun.earthquake.PreferenceActivity
ADDED from src\main\AndroidManifest.xml:37:9-85
	android:name
		ADDED from src\main\AndroidManifest.xml:37:19-73
activity#com.majun.earthquake.Loading_Activity
ADDED from src\main\AndroidManifest.xml:38:9-46:20
	android:label
		ADDED from src\main\AndroidManifest.xml:40:13-45
	android:name
		ADDED from src\main\AndroidManifest.xml:39:13-65
intent-filter#android.intent.action.MAIN+android.intent.category.LAUNCHER
ADDED from src\main\AndroidManifest.xml:41:13-45:29
action#android.intent.action.MAIN
ADDED from src\main\AndroidManifest.xml:42:17-69
	android:name
		ADDED from src\main\AndroidManifest.xml:42:25-66
category#android.intent.category.LAUNCHER
ADDED from src\main\AndroidManifest.xml:44:17-77
	android:name
		ADDED from src\main\AndroidManifest.xml:44:27-74
provider#provider.EarthquakeProvider
ADDED from src\main\AndroidManifest.xml:48:9-50:86
	android:authorities
		ADDED from src\main\AndroidManifest.xml:50:13-74
	android:name
		ADDED from src\main\AndroidManifest.xml:49:13-55
service#service.EarthQuakeUpdateService
ADDED from src\main\AndroidManifest.xml:51:9-75
	android:name
		ADDED from src\main\AndroidManifest.xml:51:18-64
receiver#broadcast.EarthquakeBreadcast
ADDED from src\main\AndroidManifest.xml:53:9-57:20
	android:name
		ADDED from src\main\AndroidManifest.xml:53:19-63
intent-filter#broadcast.EarthquakeBreadcast
ADDED from src\main\AndroidManifest.xml:54:13-56:29
action#broadcast.EarthquakeBreadcast
ADDED from src\main\AndroidManifest.xml:55:17-72
	android:name
		ADDED from src\main\AndroidManifest.xml:55:25-69
receiver#widget.EarthquakeWidget
ADDED from src\main\AndroidManifest.xml:58:9-68:20
	android:label
		ADDED from src\main\AndroidManifest.xml:60:13-34
	android:name
		ADDED from src\main\AndroidManifest.xml:59:13-51
intent-filter#android.appwidget.action.APPWIDGET_UPDATE+widget.EarthquakeWidget.EARTHQUAKE_ACTION
ADDED from src\main\AndroidManifest.xml:61:13-64:29
action#android.appwidget.action.APPWIDGET_UPDATE
ADDED from src\main\AndroidManifest.xml:62:17-84
	android:name
		ADDED from src\main\AndroidManifest.xml:62:25-81
action#widget.EarthquakeWidget.EARTHQUAKE_ACTION
ADDED from src\main\AndroidManifest.xml:63:17-84
	android:name
		ADDED from src\main\AndroidManifest.xml:63:25-81
meta-data#android.appwidget.provider
ADDED from src\main\AndroidManifest.xml:65:13-67:70
	android:resource
		ADDED from src\main\AndroidManifest.xml:67:17-57
	android:name
		ADDED from src\main\AndroidManifest.xml:66:17-58
receiver#widget.EarthquakeListWidget
ADDED from src\main\AndroidManifest.xml:69:9-78:20
	android:label
		ADDED from src\main\AndroidManifest.xml:71:13-40
	android:name
		ADDED from src\main\AndroidManifest.xml:70:13-55
intent-filter#android.appwidget.action.APPWIDGET_UPDATE
ADDED from src\main\AndroidManifest.xml:72:13-74:29
service#service.EarthquakeRemoteViewService
ADDED from src\main\AndroidManifest.xml:80:9-82:80
	android:permission
		ADDED from src\main\AndroidManifest.xml:82:13-69
	android:name
		ADDED from src\main\AndroidManifest.xml:81:13-63